Wed Jul 31 2024 12:31:25 } [tree-wise-man] error: 🐱‍🏍 globalErrorHandler ~~ 
Invalid `prisma.user.findUnique()` invocation:

{
  where: {
    email: "fahimkhandakar01@gmail.com"
  },
  select: {
    id: true,
    email: true,
    role: true,
    password: true,
    details: {
      select: {
        powers: {
        ~~~~~~
          select: {
            id: true
          }
        },
?       id?: true,
?       userId?: true,
?       name?: true,
?       email?: true,
?       company?: true,
?       designation?: true,
?       role?: true,
?       contactNo?: true,
?       profileImage?: true,
?       createdAt?: true,
?       updatedAt?: true,
?       user?: true,
?       subscription?: true,
?       posts?: true,
?       _count?: true
      }
    }
  }
}

Unknown field `powers` for select statement on model `UserDetails`. Available options are marked with ?.
